<?xml version="1.0" encoding="UTF-8"?>
<!-- Generated by org.testng.reporters.JUnitXMLReporter -->
<testsuite hostname="DESKTOP-FIG0BF1" ignored="0" name="Test" tests="3" failures="0" timestamp="2022-09-10T12:39:23 IST" time="5.548" errors="0">
  <testcase name="@BeforeMethod SetUp" time="3.355" classname="testcases.BaseClass">
    <failure type="org.openqa.selenium.SessionNotCreatedException" message="session not created: This version of ChromeDriver only supports Chrome version 106
Current browser version is 105.0.5195.102 with binary path C:\Program Files\Google\Chrome\Application\chrome.exe
Build info: version: &amp;apos;3.141.59&amp;apos;, revision: &amp;apos;e82be7d358&amp;apos;, time: &amp;apos;2018-11-14T08:17:03&amp;apos;
System info: host: &amp;apos;DESKTOP-FIG0BF1&amp;apos;, ip: &amp;apos;192.168.0.109&amp;apos;, os.name: &amp;apos;Windows 10&amp;apos;, os.arch: &amp;apos;amd64&amp;apos;, os.version: &amp;apos;10.0&amp;apos;, java.version: &amp;apos;1.8.0_333&amp;apos;
Driver info: driver.version: ChromeDriver
remote stacktrace: Backtrace:
	Ordinal0 [0x006D1353+2233171]
	Ordinal0 [0x00668E31+1805873]
	Ordinal0 [0x005766FD+812797]
	Ordinal0 [0x00598C6D+953453]
	Ordinal0 [0x00594200+934400]
	Ordinal0 [0x005919C9+924105]
	Ordinal0 [0x005C806C+1146988]
	Ordinal0 [0x005C7A6A+1145450]
	Ordinal0 [0x005C18A6+1120422]
	Ordinal0 [0x0059A73D+960317]
	Ordinal0 [0x0059B71F+964383]
	GetHandleVerifier [0x0097A2C2+2728322]
	GetHandleVerifier [0x0096C184+2670660]
	GetHandleVerifier [0x0076102A+528106]
	GetHandleVerifier [0x0075FE10+523472]
	Ordinal0 [0x0067028C+1835660]
	Ordinal0 [0x00674758+1853272]
	Ordinal0 [0x00674845+1853509]
	Ordinal0 [0x0067E7E4+1894372]
	BaseThreadInitThunk [0x7763FA29+25]
	RtlGetAppContainerNamedObjectPath [0x77E47A9E+286]
	RtlGetAppContainerNamedObjectPath [0x77E47A6E+238]
">
      <![CDATA[org.openqa.selenium.SessionNotCreatedException: session not created: This version of ChromeDriver only supports Chrome version 106
Current browser version is 105.0.5195.102 with binary path C:\Program Files\Google\Chrome\Application\chrome.exe
Build info: version: '3.141.59', revision: 'e82be7d358', time: '2018-11-14T08:17:03'
System info: host: 'DESKTOP-FIG0BF1', ip: '192.168.0.109', os.name: 'Windows 10', os.arch: 'amd64', os.version: '10.0', java.version: '1.8.0_333'
Driver info: driver.version: ChromeDriver
remote stacktrace: Backtrace:
Ordinal0 [0x006D1353+2233171]
Ordinal0 [0x00668E31+1805873]
Ordinal0 [0x005766FD+812797]
Ordinal0 [0x00598C6D+953453]
Ordinal0 [0x00594200+934400]
Ordinal0 [0x005919C9+924105]
Ordinal0 [0x005C806C+1146988]
Ordinal0 [0x005C7A6A+1145450]
Ordinal0 [0x005C18A6+1120422]
Ordinal0 [0x0059A73D+960317]
Ordinal0 [0x0059B71F+964383]
GetHandleVerifier [0x0097A2C2+2728322]
GetHandleVerifier [0x0096C184+2670660]
GetHandleVerifier [0x0076102A+528106]
GetHandleVerifier [0x0075FE10+523472]
Ordinal0 [0x0067028C+1835660]
Ordinal0 [0x00674758+1853272]
Ordinal0 [0x00674845+1853509]
Ordinal0 [0x0067E7E4+1894372]
BaseThreadInitThunk [0x7763FA29+25]
RtlGetAppContainerNamedObjectPath [0x77E47A9E+286]
RtlGetAppContainerNamedObjectPath [0x77E47A6E+238]

at org.openqa.selenium.remote.W3CHandshakeResponse.lambda$errorHandler$0(W3CHandshakeResponse.java:62)
at org.openqa.selenium.remote.HandshakeResponse.lambda$getResponseFunction$0(HandshakeResponse.java:30)
at org.openqa.selenium.remote.ProtocolHandshake.lambda$createSession$0(ProtocolHandshake.java:126)
at java.util.stream.ReferencePipeline$3$1.accept(ReferencePipeline.java:193)
at java.util.Spliterators$ArraySpliterator.tryAdvance(Spliterators.java:958)
at java.util.stream.ReferencePipeline.forEachWithCancel(ReferencePipeline.java:126)
at java.util.stream.AbstractPipeline.copyIntoWithCancel(AbstractPipeline.java:499)
at java.util.stream.AbstractPipeline.copyInto(AbstractPipeline.java:486)
at java.util.stream.AbstractPipeline.wrapAndCopyInto(AbstractPipeline.java:472)
at java.util.stream.FindOps$FindOp.evaluateSequential(FindOps.java:152)
at java.util.stream.AbstractPipeline.evaluate(AbstractPipeline.java:234)
at java.util.stream.ReferencePipeline.findFirst(ReferencePipeline.java:464)
at org.openqa.selenium.remote.ProtocolHandshake.createSession(ProtocolHandshake.java:128)
at org.openqa.selenium.remote.ProtocolHandshake.createSession(ProtocolHandshake.java:74)
at org.openqa.selenium.remote.HttpCommandExecutor.execute(HttpCommandExecutor.java:136)
at org.openqa.selenium.remote.service.DriverCommandExecutor.execute(DriverCommandExecutor.java:83)
at org.openqa.selenium.remote.RemoteWebDriver.execute(RemoteWebDriver.java:552)
at org.openqa.selenium.remote.RemoteWebDriver.startSession(RemoteWebDriver.java:213)
at org.openqa.selenium.remote.RemoteWebDriver.<init>(RemoteWebDriver.java:131)
at org.openqa.selenium.chrome.ChromeDriver.<init>(ChromeDriver.java:181)
at org.openqa.selenium.chrome.ChromeDriver.<init>(ChromeDriver.java:168)
at org.openqa.selenium.chrome.ChromeDriver.<init>(ChromeDriver.java:123)
at testcases.BaseClass.SetUp(BaseClass.java:16)
at java.util.ArrayList.forEach(ArrayList.java:1259)
... Removed 39 stack frames]]>
    </failure>
  </testcase> <!-- @BeforeMethod SetUp -->
  <testcase name="@BeforeMethod TearDown" time="0.0" classname="testcases.BaseClass">
    <skipped/>
  </testcase> <!-- @BeforeMethod TearDown -->
  <testcase name="@BeforeMethod SetUp" time="2.025" classname="testcases.BaseClass">
    <failure type="org.openqa.selenium.SessionNotCreatedException" message="session not created: This version of ChromeDriver only supports Chrome version 106
Current browser version is 105.0.5195.102 with binary path C:\Program Files\Google\Chrome\Application\chrome.exe
Build info: version: &amp;apos;3.141.59&amp;apos;, revision: &amp;apos;e82be7d358&amp;apos;, time: &amp;apos;2018-11-14T08:17:03&amp;apos;
System info: host: &amp;apos;DESKTOP-FIG0BF1&amp;apos;, ip: &amp;apos;192.168.0.109&amp;apos;, os.name: &amp;apos;Windows 10&amp;apos;, os.arch: &amp;apos;amd64&amp;apos;, os.version: &amp;apos;10.0&amp;apos;, java.version: &amp;apos;1.8.0_333&amp;apos;
Driver info: driver.version: ChromeDriver
remote stacktrace: Backtrace:
	Ordinal0 [0x006D1353+2233171]
	Ordinal0 [0x00668E31+1805873]
	Ordinal0 [0x005766FD+812797]
	Ordinal0 [0x00598C6D+953453]
	Ordinal0 [0x00594200+934400]
	Ordinal0 [0x005919C9+924105]
	Ordinal0 [0x005C806C+1146988]
	Ordinal0 [0x005C7A6A+1145450]
	Ordinal0 [0x005C18A6+1120422]
	Ordinal0 [0x0059A73D+960317]
	Ordinal0 [0x0059B71F+964383]
	GetHandleVerifier [0x0097A2C2+2728322]
	GetHandleVerifier [0x0096C184+2670660]
	GetHandleVerifier [0x0076102A+528106]
	GetHandleVerifier [0x0075FE10+523472]
	Ordinal0 [0x0067028C+1835660]
	Ordinal0 [0x00674758+1853272]
	Ordinal0 [0x00674845+1853509]
	Ordinal0 [0x0067E7E4+1894372]
	BaseThreadInitThunk [0x7763FA29+25]
	RtlGetAppContainerNamedObjectPath [0x77E47A9E+286]
	RtlGetAppContainerNamedObjectPath [0x77E47A6E+238]
">
      <![CDATA[org.openqa.selenium.SessionNotCreatedException: session not created: This version of ChromeDriver only supports Chrome version 106
Current browser version is 105.0.5195.102 with binary path C:\Program Files\Google\Chrome\Application\chrome.exe
Build info: version: '3.141.59', revision: 'e82be7d358', time: '2018-11-14T08:17:03'
System info: host: 'DESKTOP-FIG0BF1', ip: '192.168.0.109', os.name: 'Windows 10', os.arch: 'amd64', os.version: '10.0', java.version: '1.8.0_333'
Driver info: driver.version: ChromeDriver
remote stacktrace: Backtrace:
Ordinal0 [0x006D1353+2233171]
Ordinal0 [0x00668E31+1805873]
Ordinal0 [0x005766FD+812797]
Ordinal0 [0x00598C6D+953453]
Ordinal0 [0x00594200+934400]
Ordinal0 [0x005919C9+924105]
Ordinal0 [0x005C806C+1146988]
Ordinal0 [0x005C7A6A+1145450]
Ordinal0 [0x005C18A6+1120422]
Ordinal0 [0x0059A73D+960317]
Ordinal0 [0x0059B71F+964383]
GetHandleVerifier [0x0097A2C2+2728322]
GetHandleVerifier [0x0096C184+2670660]
GetHandleVerifier [0x0076102A+528106]
GetHandleVerifier [0x0075FE10+523472]
Ordinal0 [0x0067028C+1835660]
Ordinal0 [0x00674758+1853272]
Ordinal0 [0x00674845+1853509]
Ordinal0 [0x0067E7E4+1894372]
BaseThreadInitThunk [0x7763FA29+25]
RtlGetAppContainerNamedObjectPath [0x77E47A9E+286]
RtlGetAppContainerNamedObjectPath [0x77E47A6E+238]

at org.openqa.selenium.remote.W3CHandshakeResponse.lambda$errorHandler$0(W3CHandshakeResponse.java:62)
at org.openqa.selenium.remote.HandshakeResponse.lambda$getResponseFunction$0(HandshakeResponse.java:30)
at org.openqa.selenium.remote.ProtocolHandshake.lambda$createSession$0(ProtocolHandshake.java:126)
at java.util.stream.ReferencePipeline$3$1.accept(ReferencePipeline.java:193)
at java.util.Spliterators$ArraySpliterator.tryAdvance(Spliterators.java:958)
at java.util.stream.ReferencePipeline.forEachWithCancel(ReferencePipeline.java:126)
at java.util.stream.AbstractPipeline.copyIntoWithCancel(AbstractPipeline.java:499)
at java.util.stream.AbstractPipeline.copyInto(AbstractPipeline.java:486)
at java.util.stream.AbstractPipeline.wrapAndCopyInto(AbstractPipeline.java:472)
at java.util.stream.FindOps$FindOp.evaluateSequential(FindOps.java:152)
at java.util.stream.AbstractPipeline.evaluate(AbstractPipeline.java:234)
at java.util.stream.ReferencePipeline.findFirst(ReferencePipeline.java:464)
at org.openqa.selenium.remote.ProtocolHandshake.createSession(ProtocolHandshake.java:128)
at org.openqa.selenium.remote.ProtocolHandshake.createSession(ProtocolHandshake.java:74)
at org.openqa.selenium.remote.HttpCommandExecutor.execute(HttpCommandExecutor.java:136)
at org.openqa.selenium.remote.service.DriverCommandExecutor.execute(DriverCommandExecutor.java:83)
at org.openqa.selenium.remote.RemoteWebDriver.execute(RemoteWebDriver.java:552)
at org.openqa.selenium.remote.RemoteWebDriver.startSession(RemoteWebDriver.java:213)
at org.openqa.selenium.remote.RemoteWebDriver.<init>(RemoteWebDriver.java:131)
at org.openqa.selenium.chrome.ChromeDriver.<init>(ChromeDriver.java:181)
at org.openqa.selenium.chrome.ChromeDriver.<init>(ChromeDriver.java:168)
at org.openqa.selenium.chrome.ChromeDriver.<init>(ChromeDriver.java:123)
at testcases.BaseClass.SetUp(BaseClass.java:16)
at java.util.ArrayList.forEach(ArrayList.java:1259)
... Removed 39 stack frames]]>
    </failure>
  </testcase> <!-- @BeforeMethod SetUp -->
  <testcase name="@BeforeMethod TearDown" time="0.0" classname="testcases.BaseClass">
    <skipped/>
  </testcase> <!-- @BeforeMethod TearDown -->
  <testcase name="@BeforeMethod SetUp" time="0.0" classname="testcases.BaseClass">
    <skipped/>
  </testcase> <!-- @BeforeMethod SetUp -->
  <testcase name="@BeforeMethod TearDown" time="0.0" classname="testcases.BaseClass">
    <skipped/>
  </testcase> <!-- @BeforeMethod TearDown -->
  <testcase name="Test3" time="0.0" classname="testcases.HomeTest">
    <skipped/>
  </testcase> <!-- Test3 -->
  <testcase name="Test1" time="0.0" classname="testcases.SimplilearnLoginTest">
    <skipped/>
  </testcase> <!-- Test1 -->
  <testcase name="Test2" time="0.0" classname="testcases.SimplilearnLoginTest">
    <skipped/>
  </testcase> <!-- Test2 -->
</testsuite> <!-- Test -->
