<?xml version="1.0" encoding="UTF-8"?>
<testsuite xmlns:xsi="http://www.w3.org/2001/XMLSchema-instance" xsi:noNamespaceSchemaLocation="https://maven.apache.org/surefire/maven-surefire-plugin/xsd/surefire-test-report-3.0.xsd" version="3.0" name="TestSuite" time="6.879" tests="9" errors="0" skipped="7" failures="2">
  <properties>
    <property name="sun.desktop" value="windows"/>
    <property name="awt.toolkit" value="sun.awt.windows.WToolkit"/>
    <property name="file.encoding.pkg" value="sun.io"/>
    <property name="java.specification.version" value="1.8"/>
    <property name="webdriver.chrome.driver" value="chromedriver.exe"/>
    <property name="sun.cpu.isalist" value="amd64"/>
    <property name="sun.jnu.encoding" value="Cp1252"/>
    <property name="java.class.path" value="C:\Users\Sunshine\eclipse-workspace\Selenium_Maven\target\test-classes;C:\Users\Sunshine\eclipse-workspace\Selenium_Maven\target\classes;C:\Users\Sunshine\.m2\repository\org\seleniumhq\selenium\selenium-java\3.141.59\selenium-java-3.141.59.jar;C:\Users\Sunshine\.m2\repository\org\seleniumhq\selenium\selenium-api\3.141.59\selenium-api-3.141.59.jar;C:\Users\Sunshine\.m2\repository\org\seleniumhq\selenium\selenium-chrome-driver\3.141.59\selenium-chrome-driver-3.141.59.jar;C:\Users\Sunshine\.m2\repository\org\seleniumhq\selenium\selenium-edge-driver\3.141.59\selenium-edge-driver-3.141.59.jar;C:\Users\Sunshine\.m2\repository\org\seleniumhq\selenium\selenium-firefox-driver\3.141.59\selenium-firefox-driver-3.141.59.jar;C:\Users\Sunshine\.m2\repository\org\seleniumhq\selenium\selenium-ie-driver\3.141.59\selenium-ie-driver-3.141.59.jar;C:\Users\Sunshine\.m2\repository\org\seleniumhq\selenium\selenium-opera-driver\3.141.59\selenium-opera-driver-3.141.59.jar;C:\Users\Sunshine\.m2\repository\org\seleniumhq\selenium\selenium-remote-driver\3.141.59\selenium-remote-driver-3.141.59.jar;C:\Users\Sunshine\.m2\repository\org\seleniumhq\selenium\selenium-safari-driver\3.141.59\selenium-safari-driver-3.141.59.jar;C:\Users\Sunshine\.m2\repository\org\seleniumhq\selenium\selenium-support\3.141.59\selenium-support-3.141.59.jar;C:\Users\Sunshine\.m2\repository\net\bytebuddy\byte-buddy\1.8.15\byte-buddy-1.8.15.jar;C:\Users\Sunshine\.m2\repository\org\apache\commons\commons-exec\1.3\commons-exec-1.3.jar;C:\Users\Sunshine\.m2\repository\com\google\guava\guava\25.0-jre\guava-25.0-jre.jar;C:\Users\Sunshine\.m2\repository\org\checkerframework\checker-compat-qual\2.0.0\checker-compat-qual-2.0.0.jar;C:\Users\Sunshine\.m2\repository\com\google\errorprone\error_prone_annotations\2.1.3\error_prone_annotations-2.1.3.jar;C:\Users\Sunshine\.m2\repository\com\google\j2objc\j2objc-annotations\1.1\j2objc-annotations-1.1.jar;C:\Users\Sunshine\.m2\repository\org\codehaus\mojo\animal-sniffer-annotations\1.14\animal-sniffer-annotations-1.14.jar;C:\Users\Sunshine\.m2\repository\com\squareup\okhttp3\okhttp\3.11.0\okhttp-3.11.0.jar;C:\Users\Sunshine\.m2\repository\com\squareup\okio\okio\1.14.0\okio-1.14.0.jar;C:\Users\Sunshine\.m2\repository\org\testng\testng\7.5\testng-7.5.jar;C:\Users\Sunshine\.m2\repository\com\google\code\findbugs\jsr305\3.0.1\jsr305-3.0.1.jar;C:\Users\Sunshine\.m2\repository\org\slf4j\slf4j-api\1.7.32\slf4j-api-1.7.32.jar;C:\Users\Sunshine\.m2\repository\com\beust\jcommander\1.78\jcommander-1.78.jar;C:\Users\Sunshine\.m2\repository\org\webjars\jquery\3.5.1\jquery-3.5.1.jar;"/>
    <property name="java.vm.vendor" value="Oracle Corporation"/>
    <property name="sun.arch.data.model" value="64"/>
    <property name="user.variant" value=""/>
    <property name="java.vendor.url" value="http://java.oracle.com/"/>
    <property name="user.timezone" value="Asia/Calcutta"/>
    <property name="java.vm.specification.version" value="1.8"/>
    <property name="os.name" value="Windows 10"/>
    <property name="user.country" value="IN"/>
    <property name="sun.java.launcher" value="SUN_STANDARD"/>
    <property name="sun.boot.library.path" value="C:\Program Files\Java\jdk1.8.0_333\jre\bin"/>
    <property name="sun.java.command" value="C:\Users\Sunshine\AppData\Local\Temp\surefire3955606180941064765\surefirebooter8284699342669315353.jar C:\Users\Sunshine\AppData\Local\Temp\surefire3955606180941064765 2022-09-10T12-39-02_268-jvmRun1 surefire5093239143514426051tmp surefire_03958160957643470198tmp"/>
    <property name="surefire.test.class.path" value="C:\Users\Sunshine\eclipse-workspace\Selenium_Maven\target\test-classes;C:\Users\Sunshine\eclipse-workspace\Selenium_Maven\target\classes;C:\Users\Sunshine\.m2\repository\org\seleniumhq\selenium\selenium-java\3.141.59\selenium-java-3.141.59.jar;C:\Users\Sunshine\.m2\repository\org\seleniumhq\selenium\selenium-api\3.141.59\selenium-api-3.141.59.jar;C:\Users\Sunshine\.m2\repository\org\seleniumhq\selenium\selenium-chrome-driver\3.141.59\selenium-chrome-driver-3.141.59.jar;C:\Users\Sunshine\.m2\repository\org\seleniumhq\selenium\selenium-edge-driver\3.141.59\selenium-edge-driver-3.141.59.jar;C:\Users\Sunshine\.m2\repository\org\seleniumhq\selenium\selenium-firefox-driver\3.141.59\selenium-firefox-driver-3.141.59.jar;C:\Users\Sunshine\.m2\repository\org\seleniumhq\selenium\selenium-ie-driver\3.141.59\selenium-ie-driver-3.141.59.jar;C:\Users\Sunshine\.m2\repository\org\seleniumhq\selenium\selenium-opera-driver\3.141.59\selenium-opera-driver-3.141.59.jar;C:\Users\Sunshine\.m2\repository\org\seleniumhq\selenium\selenium-remote-driver\3.141.59\selenium-remote-driver-3.141.59.jar;C:\Users\Sunshine\.m2\repository\org\seleniumhq\selenium\selenium-safari-driver\3.141.59\selenium-safari-driver-3.141.59.jar;C:\Users\Sunshine\.m2\repository\org\seleniumhq\selenium\selenium-support\3.141.59\selenium-support-3.141.59.jar;C:\Users\Sunshine\.m2\repository\net\bytebuddy\byte-buddy\1.8.15\byte-buddy-1.8.15.jar;C:\Users\Sunshine\.m2\repository\org\apache\commons\commons-exec\1.3\commons-exec-1.3.jar;C:\Users\Sunshine\.m2\repository\com\google\guava\guava\25.0-jre\guava-25.0-jre.jar;C:\Users\Sunshine\.m2\repository\org\checkerframework\checker-compat-qual\2.0.0\checker-compat-qual-2.0.0.jar;C:\Users\Sunshine\.m2\repository\com\google\errorprone\error_prone_annotations\2.1.3\error_prone_annotations-2.1.3.jar;C:\Users\Sunshine\.m2\repository\com\google\j2objc\j2objc-annotations\1.1\j2objc-annotations-1.1.jar;C:\Users\Sunshine\.m2\repository\org\codehaus\mojo\animal-sniffer-annotations\1.14\animal-sniffer-annotations-1.14.jar;C:\Users\Sunshine\.m2\repository\com\squareup\okhttp3\okhttp\3.11.0\okhttp-3.11.0.jar;C:\Users\Sunshine\.m2\repository\com\squareup\okio\okio\1.14.0\okio-1.14.0.jar;C:\Users\Sunshine\.m2\repository\org\testng\testng\7.5\testng-7.5.jar;C:\Users\Sunshine\.m2\repository\com\google\code\findbugs\jsr305\3.0.1\jsr305-3.0.1.jar;C:\Users\Sunshine\.m2\repository\org\slf4j\slf4j-api\1.7.32\slf4j-api-1.7.32.jar;C:\Users\Sunshine\.m2\repository\com\beust\jcommander\1.78\jcommander-1.78.jar;C:\Users\Sunshine\.m2\repository\org\webjars\jquery\3.5.1\jquery-3.5.1.jar;"/>
    <property name="sun.cpu.endian" value="little"/>
    <property name="user.home" value="C:\Users\Sunshine"/>
    <property name="user.language" value="en"/>
    <property name="java.specification.vendor" value="Oracle Corporation"/>
    <property name="java.home" value="C:\Program Files\Java\jdk1.8.0_333\jre"/>
    <property name="basedir" value="C:\Users\Sunshine\eclipse-workspace\Selenium_Maven"/>
    <property name="file.separator" value="\"/>
    <property name="line.separator" value="&#10;"/>
    <property name="java.vm.specification.vendor" value="Oracle Corporation"/>
    <property name="java.specification.name" value="Java Platform API Specification"/>
    <property name="java.awt.graphicsenv" value="sun.awt.Win32GraphicsEnvironment"/>
    <property name="surefire.real.class.path" value="C:\Users\Sunshine\AppData\Local\Temp\surefire3955606180941064765\surefirebooter8284699342669315353.jar"/>
    <property name="sun.boot.class.path" value="C:\Program Files\Java\jdk1.8.0_333\jre\lib\resources.jar;C:\Program Files\Java\jdk1.8.0_333\jre\lib\rt.jar;C:\Program Files\Java\jdk1.8.0_333\jre\lib\sunrsasign.jar;C:\Program Files\Java\jdk1.8.0_333\jre\lib\jsse.jar;C:\Program Files\Java\jdk1.8.0_333\jre\lib\jce.jar;C:\Program Files\Java\jdk1.8.0_333\jre\lib\charsets.jar;C:\Program Files\Java\jdk1.8.0_333\jre\lib\jfr.jar;C:\Program Files\Java\jdk1.8.0_333\jre\classes"/>
    <property name="user.script" value=""/>
    <property name="sun.management.compiler" value="HotSpot 64-Bit Tiered Compilers"/>
    <property name="java.runtime.version" value="1.8.0_333-b02"/>
    <property name="user.name" value="Sunshine"/>
    <property name="path.separator" value=";"/>
    <property name="os.version" value="10.0"/>
    <property name="java.endorsed.dirs" value="C:\Program Files\Java\jdk1.8.0_333\jre\lib\endorsed"/>
    <property name="java.runtime.name" value="Java(TM) SE Runtime Environment"/>
    <property name="file.encoding" value="Cp1252"/>
    <property name="java.vm.name" value="Java HotSpot(TM) 64-Bit Server VM"/>
    <property name="localRepository" value="C:\Users\Sunshine\.m2\repository"/>
    <property name="java.vendor.url.bug" value="http://bugreport.sun.com/bugreport/"/>
    <property name="java.io.tmpdir" value="C:\Users\Sunshine\AppData\Local\Temp\"/>
    <property name="java.version" value="1.8.0_333"/>
    <property name="user.dir" value="C:\Users\Sunshine\eclipse-workspace\Selenium_Maven"/>
    <property name="os.arch" value="amd64"/>
    <property name="java.vm.specification.name" value="Java Virtual Machine Specification"/>
    <property name="java.awt.printerjob" value="sun.awt.windows.WPrinterJob"/>
    <property name="sun.os.patch.level" value=""/>
    <property name="java.library.path" value="C:\Program Files\Java\jdk1.8.0_333\jre\bin;C:\WINDOWS\Sun\Java\bin;C:\WINDOWS\system32;C:\WINDOWS;C:\ProgramData\Oracle\Java\javapath;C:\WINDOWS\system32;C:\WINDOWS;C:\WINDOWS\System32\Wbem;C:\WINDOWS\System32\WindowsPowerShell\v1.0\;C:\WINDOWS\System32\OpenSSH\;C:\Program Files\nodejs\;C:\Program Files\Java\jdk1.8.0_333\bin;C:\Program Files\Git\cmd;C:\Program Files\MySQL\MySQL Server 8.0\bin;C:\Users\Sunshine\Downloads\apache-maven-3.8.6-bin\apache-maven-3.8.6\bin;C:\Program Files\MySQL\MySQL Shell 8.0\bin\;C:\Users\Sunshine\AppData\Local\Microsoft\WindowsApps;C:\Users\Sunshine\AppData\Roaming\npm;C:\Users\Sunshine\AppData\Local\Programs\Microsoft VS Code\bin;C:\Program Files\Java\jdk1.8.0_333\bin\java;;."/>
    <property name="java.vm.info" value="mixed mode"/>
    <property name="java.vendor" value="Oracle Corporation"/>
    <property name="java.vm.version" value="25.333-b02"/>
    <property name="java.ext.dirs" value="C:\Program Files\Java\jdk1.8.0_333\jre\lib\ext;C:\WINDOWS\Sun\Java\lib\ext"/>
    <property name="sun.io.unicode.encoding" value="UnicodeLittle"/>
    <property name="java.class.version" value="52.0"/>
  </properties>
  <testcase name="SetUp" classname="testcases.HomeTest" time="4.601">
    <failure message="session not created: This version of ChromeDriver only supports Chrome version 106&#10;Current browser version is 105.0.5195.102 with binary path C:\Program Files\Google\Chrome\Application\chrome.exe&#10;Build info: version: &apos;3.141.59&apos;, revision: &apos;e82be7d358&apos;, time: &apos;2018-11-14T08:17:03&apos;&#10;System info: host: &apos;DESKTOP-FIG0BF1&apos;, ip: &apos;192.168.0.109&apos;, os.name: &apos;Windows 10&apos;, os.arch: &apos;amd64&apos;, os.version: &apos;10.0&apos;, java.version: &apos;1.8.0_333&apos;&#10;Driver info: driver.version: ChromeDriver&#10;remote stacktrace: Backtrace:&#10;	Ordinal0 [0x006D1353+2233171]&#10;	Ordinal0 [0x00668E31+1805873]&#10;	Ordinal0 [0x005766FD+812797]&#10;	Ordinal0 [0x00598C6D+953453]&#10;	Ordinal0 [0x00594200+934400]&#10;	Ordinal0 [0x005919C9+924105]&#10;	Ordinal0 [0x005C806C+1146988]&#10;	Ordinal0 [0x005C7A6A+1145450]&#10;	Ordinal0 [0x005C18A6+1120422]&#10;	Ordinal0 [0x0059A73D+960317]&#10;	Ordinal0 [0x0059B71F+964383]&#10;	GetHandleVerifier [0x0097A2C2+2728322]&#10;	GetHandleVerifier [0x0096C184+2670660]&#10;	GetHandleVerifier [0x0076102A+528106]&#10;	GetHandleVerifier [0x0075FE10+523472]&#10;	Ordinal0 [0x0067028C+1835660]&#10;	Ordinal0 [0x00674758+1853272]&#10;	Ordinal0 [0x00674845+1853509]&#10;	Ordinal0 [0x0067E7E4+1894372]&#10;	BaseThreadInitThunk [0x7763FA29+25]&#10;	RtlGetAppContainerNamedObjectPath [0x77E47A9E+286]&#10;	RtlGetAppContainerNamedObjectPath [0x77E47A6E+238]&#10;" type="org.openqa.selenium.SessionNotCreatedException"><![CDATA[org.openqa.selenium.SessionNotCreatedException: 
session not created: This version of ChromeDriver only supports Chrome version 106
Current browser version is 105.0.5195.102 with binary path C:\Program Files\Google\Chrome\Application\chrome.exe
Build info: version: '3.141.59', revision: 'e82be7d358', time: '2018-11-14T08:17:03'
System info: host: 'DESKTOP-FIG0BF1', ip: '192.168.0.109', os.name: 'Windows 10', os.arch: 'amd64', os.version: '10.0', java.version: '1.8.0_333'
Driver info: driver.version: ChromeDriver
remote stacktrace: Backtrace:
	Ordinal0 [0x006D1353+2233171]
	Ordinal0 [0x00668E31+1805873]
	Ordinal0 [0x005766FD+812797]
	Ordinal0 [0x00598C6D+953453]
	Ordinal0 [0x00594200+934400]
	Ordinal0 [0x005919C9+924105]
	Ordinal0 [0x005C806C+1146988]
	Ordinal0 [0x005C7A6A+1145450]
	Ordinal0 [0x005C18A6+1120422]
	Ordinal0 [0x0059A73D+960317]
	Ordinal0 [0x0059B71F+964383]
	GetHandleVerifier [0x0097A2C2+2728322]
	GetHandleVerifier [0x0096C184+2670660]
	GetHandleVerifier [0x0076102A+528106]
	GetHandleVerifier [0x0075FE10+523472]
	Ordinal0 [0x0067028C+1835660]
	Ordinal0 [0x00674758+1853272]
	Ordinal0 [0x00674845+1853509]
	Ordinal0 [0x0067E7E4+1894372]
	BaseThreadInitThunk [0x7763FA29+25]
	RtlGetAppContainerNamedObjectPath [0x77E47A9E+286]
	RtlGetAppContainerNamedObjectPath [0x77E47A6E+238]

]]></failure>
    <system-err><![CDATA[SLF4J: Failed to load class "org.slf4j.impl.StaticLoggerBinder".
SLF4J: Defaulting to no-operation (NOP) logger implementation
SLF4J: See http://www.slf4j.org/codes.html#StaticLoggerBinder for further details.
Starting ChromeDriver 106.0.5249.21 (71f4e2c9a6f38f5550a8ea29a984a08304554956-refs/branch-heads/5249@{#228}) on port 40038
Only local connections are allowed.
Please see https://chromedriver.chromium.org/security-considerations for suggestions on keeping ChromeDriver safe.
ChromeDriver was started successfully.
]]></system-err>
  </testcase>
  <testcase name="TearDown" classname="testcases.HomeTest" time="0">
    <skipped/>
  </testcase>
  <testcase name="Test3" classname="testcases.HomeTest" time="0">
    <skipped message="session not created: This version of ChromeDriver only supports Chrome version 106&#10;Current browser version is 105.0.5195.102 with binary path C:\Program Files\Google\Chrome\Application\chrome.exe&#10;Build info: version: &apos;3.141.59&apos;, revision: &apos;e82be7d358&apos;, time: &apos;2018-11-14T08:17:03&apos;&#10;System info: host: &apos;DESKTOP-FIG0BF1&apos;, ip: &apos;192.168.0.109&apos;, os.name: &apos;Windows 10&apos;, os.arch: &apos;amd64&apos;, os.version: &apos;10.0&apos;, java.version: &apos;1.8.0_333&apos;&#10;Driver info: driver.version: ChromeDriver&#10;remote stacktrace: Backtrace:&#10;	Ordinal0 [0x006D1353+2233171]&#10;	Ordinal0 [0x00668E31+1805873]&#10;	Ordinal0 [0x005766FD+812797]&#10;	Ordinal0 [0x00598C6D+953453]&#10;	Ordinal0 [0x00594200+934400]&#10;	Ordinal0 [0x005919C9+924105]&#10;	Ordinal0 [0x005C806C+1146988]&#10;	Ordinal0 [0x005C7A6A+1145450]&#10;	Ordinal0 [0x005C18A6+1120422]&#10;	Ordinal0 [0x0059A73D+960317]&#10;	Ordinal0 [0x0059B71F+964383]&#10;	GetHandleVerifier [0x0097A2C2+2728322]&#10;	GetHandleVerifier [0x0096C184+2670660]&#10;	GetHandleVerifier [0x0076102A+528106]&#10;	GetHandleVerifier [0x0075FE10+523472]&#10;	Ordinal0 [0x0067028C+1835660]&#10;	Ordinal0 [0x00674758+1853272]&#10;	Ordinal0 [0x00674845+1853509]&#10;	Ordinal0 [0x0067E7E4+1894372]&#10;	BaseThreadInitThunk [0x7763FA29+25]&#10;	RtlGetAppContainerNamedObjectPath [0x77E47A9E+286]&#10;	RtlGetAppContainerNamedObjectPath [0x77E47A6E+238]&#10;"/>
  </testcase>
  <testcase name="SetUp" classname="testcases.SimplilearnLoginTest" time="2.142">
    <failure message="session not created: This version of ChromeDriver only supports Chrome version 106&#10;Current browser version is 105.0.5195.102 with binary path C:\Program Files\Google\Chrome\Application\chrome.exe&#10;Build info: version: &apos;3.141.59&apos;, revision: &apos;e82be7d358&apos;, time: &apos;2018-11-14T08:17:03&apos;&#10;System info: host: &apos;DESKTOP-FIG0BF1&apos;, ip: &apos;192.168.0.109&apos;, os.name: &apos;Windows 10&apos;, os.arch: &apos;amd64&apos;, os.version: &apos;10.0&apos;, java.version: &apos;1.8.0_333&apos;&#10;Driver info: driver.version: ChromeDriver&#10;remote stacktrace: Backtrace:&#10;	Ordinal0 [0x006D1353+2233171]&#10;	Ordinal0 [0x00668E31+1805873]&#10;	Ordinal0 [0x005766FD+812797]&#10;	Ordinal0 [0x00598C6D+953453]&#10;	Ordinal0 [0x00594200+934400]&#10;	Ordinal0 [0x005919C9+924105]&#10;	Ordinal0 [0x005C806C+1146988]&#10;	Ordinal0 [0x005C7A6A+1145450]&#10;	Ordinal0 [0x005C18A6+1120422]&#10;	Ordinal0 [0x0059A73D+960317]&#10;	Ordinal0 [0x0059B71F+964383]&#10;	GetHandleVerifier [0x0097A2C2+2728322]&#10;	GetHandleVerifier [0x0096C184+2670660]&#10;	GetHandleVerifier [0x0076102A+528106]&#10;	GetHandleVerifier [0x0075FE10+523472]&#10;	Ordinal0 [0x0067028C+1835660]&#10;	Ordinal0 [0x00674758+1853272]&#10;	Ordinal0 [0x00674845+1853509]&#10;	Ordinal0 [0x0067E7E4+1894372]&#10;	BaseThreadInitThunk [0x7763FA29+25]&#10;	RtlGetAppContainerNamedObjectPath [0x77E47A9E+286]&#10;	RtlGetAppContainerNamedObjectPath [0x77E47A6E+238]&#10;" type="org.openqa.selenium.SessionNotCreatedException"><![CDATA[org.openqa.selenium.SessionNotCreatedException: 
session not created: This version of ChromeDriver only supports Chrome version 106
Current browser version is 105.0.5195.102 with binary path C:\Program Files\Google\Chrome\Application\chrome.exe
Build info: version: '3.141.59', revision: 'e82be7d358', time: '2018-11-14T08:17:03'
System info: host: 'DESKTOP-FIG0BF1', ip: '192.168.0.109', os.name: 'Windows 10', os.arch: 'amd64', os.version: '10.0', java.version: '1.8.0_333'
Driver info: driver.version: ChromeDriver
remote stacktrace: Backtrace:
	Ordinal0 [0x006D1353+2233171]
	Ordinal0 [0x00668E31+1805873]
	Ordinal0 [0x005766FD+812797]
	Ordinal0 [0x00598C6D+953453]
	Ordinal0 [0x00594200+934400]
	Ordinal0 [0x005919C9+924105]
	Ordinal0 [0x005C806C+1146988]
	Ordinal0 [0x005C7A6A+1145450]
	Ordinal0 [0x005C18A6+1120422]
	Ordinal0 [0x0059A73D+960317]
	Ordinal0 [0x0059B71F+964383]
	GetHandleVerifier [0x0097A2C2+2728322]
	GetHandleVerifier [0x0096C184+2670660]
	GetHandleVerifier [0x0076102A+528106]
	GetHandleVerifier [0x0075FE10+523472]
	Ordinal0 [0x0067028C+1835660]
	Ordinal0 [0x00674758+1853272]
	Ordinal0 [0x00674845+1853509]
	Ordinal0 [0x0067E7E4+1894372]
	BaseThreadInitThunk [0x7763FA29+25]
	RtlGetAppContainerNamedObjectPath [0x77E47A9E+286]
	RtlGetAppContainerNamedObjectPath [0x77E47A6E+238]

]]></failure>
    <system-err><![CDATA[Starting ChromeDriver 106.0.5249.21 (71f4e2c9a6f38f5550a8ea29a984a08304554956-refs/branch-heads/5249@{#228}) on port 28460
Only local connections are allowed.
Please see https://chromedriver.chromium.org/security-considerations for suggestions on keeping ChromeDriver safe.
ChromeDriver was started successfully.
]]></system-err>
  </testcase>
  <testcase name="SetUp" classname="testcases.SimplilearnLoginTest" time="0">
    <skipped/>
  </testcase>
  <testcase name="TearDown" classname="testcases.SimplilearnLoginTest" time="0">
    <skipped/>
  </testcase>
  <testcase name="TearDown" classname="testcases.SimplilearnLoginTest" time="0">
    <skipped/>
  </testcase>
  <testcase name="Test1" classname="testcases.SimplilearnLoginTest" time="0">
    <skipped message="session not created: This version of ChromeDriver only supports Chrome version 106&#10;Current browser version is 105.0.5195.102 with binary path C:\Program Files\Google\Chrome\Application\chrome.exe&#10;Build info: version: &apos;3.141.59&apos;, revision: &apos;e82be7d358&apos;, time: &apos;2018-11-14T08:17:03&apos;&#10;System info: host: &apos;DESKTOP-FIG0BF1&apos;, ip: &apos;192.168.0.109&apos;, os.name: &apos;Windows 10&apos;, os.arch: &apos;amd64&apos;, os.version: &apos;10.0&apos;, java.version: &apos;1.8.0_333&apos;&#10;Driver info: driver.version: ChromeDriver&#10;remote stacktrace: Backtrace:&#10;	Ordinal0 [0x006D1353+2233171]&#10;	Ordinal0 [0x00668E31+1805873]&#10;	Ordinal0 [0x005766FD+812797]&#10;	Ordinal0 [0x00598C6D+953453]&#10;	Ordinal0 [0x00594200+934400]&#10;	Ordinal0 [0x005919C9+924105]&#10;	Ordinal0 [0x005C806C+1146988]&#10;	Ordinal0 [0x005C7A6A+1145450]&#10;	Ordinal0 [0x005C18A6+1120422]&#10;	Ordinal0 [0x0059A73D+960317]&#10;	Ordinal0 [0x0059B71F+964383]&#10;	GetHandleVerifier [0x0097A2C2+2728322]&#10;	GetHandleVerifier [0x0096C184+2670660]&#10;	GetHandleVerifier [0x0076102A+528106]&#10;	GetHandleVerifier [0x0075FE10+523472]&#10;	Ordinal0 [0x0067028C+1835660]&#10;	Ordinal0 [0x00674758+1853272]&#10;	Ordinal0 [0x00674845+1853509]&#10;	Ordinal0 [0x0067E7E4+1894372]&#10;	BaseThreadInitThunk [0x7763FA29+25]&#10;	RtlGetAppContainerNamedObjectPath [0x77E47A9E+286]&#10;	RtlGetAppContainerNamedObjectPath [0x77E47A6E+238]&#10;"/>
  </testcase>
  <testcase name="Test2" classname="testcases.SimplilearnLoginTest" time="0">
    <skipped message="session not created: This version of ChromeDriver only supports Chrome version 106&#10;Current browser version is 105.0.5195.102 with binary path C:\Program Files\Google\Chrome\Application\chrome.exe&#10;Build info: version: &apos;3.141.59&apos;, revision: &apos;e82be7d358&apos;, time: &apos;2018-11-14T08:17:03&apos;&#10;System info: host: &apos;DESKTOP-FIG0BF1&apos;, ip: &apos;192.168.0.109&apos;, os.name: &apos;Windows 10&apos;, os.arch: &apos;amd64&apos;, os.version: &apos;10.0&apos;, java.version: &apos;1.8.0_333&apos;&#10;Driver info: driver.version: ChromeDriver&#10;remote stacktrace: Backtrace:&#10;	Ordinal0 [0x006D1353+2233171]&#10;	Ordinal0 [0x00668E31+1805873]&#10;	Ordinal0 [0x005766FD+812797]&#10;	Ordinal0 [0x00598C6D+953453]&#10;	Ordinal0 [0x00594200+934400]&#10;	Ordinal0 [0x005919C9+924105]&#10;	Ordinal0 [0x005C806C+1146988]&#10;	Ordinal0 [0x005C7A6A+1145450]&#10;	Ordinal0 [0x005C18A6+1120422]&#10;	Ordinal0 [0x0059A73D+960317]&#10;	Ordinal0 [0x0059B71F+964383]&#10;	GetHandleVerifier [0x0097A2C2+2728322]&#10;	GetHandleVerifier [0x0096C184+2670660]&#10;	GetHandleVerifier [0x0076102A+528106]&#10;	GetHandleVerifier [0x0075FE10+523472]&#10;	Ordinal0 [0x0067028C+1835660]&#10;	Ordinal0 [0x00674758+1853272]&#10;	Ordinal0 [0x00674845+1853509]&#10;	Ordinal0 [0x0067E7E4+1894372]&#10;	BaseThreadInitThunk [0x7763FA29+25]&#10;	RtlGetAppContainerNamedObjectPath [0x77E47A9E+286]&#10;	RtlGetAppContainerNamedObjectPath [0x77E47A6E+238]&#10;"/>
  </testcase>
</testsuite>